<?xml version="1.0" encoding="UTF-8"?>
<!-- Generated by org.testng.reporters.JUnitReportReporter -->
<testsuite hostname="Vikram-PC" failures="0" tests="5" name="parallel.RunnerTests" time="118.728" errors="0" timestamp="2023-06-16T11:44:59 IST" skipped="0">
  <testcase classname="parallel.RunnerTests" name="runScenario" time="74.535"/>
  <system-out/>
  <testcase classname="parallel.RunnerTests" name="runScenario" time="14.797"/>
  <system-out/>
  <testcase classname="parallel.RunnerTests" name="runScenario" time="16.635"/>
  <system-out/>
  <testcase classname="parallel.RunnerTests" name="runScenario" time="5.574"/>
  <system-out/>
  <testcase classname="parallel.RunnerTests" name="runScenario" time="7.187"/>
  <system-out/>
</testsuite> <!-- parallel.RunnerTests -->
