<?xml version="1.0" encoding="UTF-8"?>
<!-- Generated by org.testng.reporters.JUnitReportReporter -->
<testsuite hostname="Vikram-PC" failures="0" tests="3" name="parallel.RunnerTests" time="80.162" errors="0" timestamp="2023-06-15T19:41:31 IST" skipped="0">
  <testcase classname="parallel.RunnerTests" name="runScenario" time="10.012"/>
  <system-out/>
  <testcase classname="parallel.RunnerTests" name="runScenario" time="10.047"/>
  <system-out/>
  <testcase classname="parallel.RunnerTests" name="runScenario" time="60.103"/>
  <system-out/>
</testsuite> <!-- parallel.RunnerTests -->
