<?xml version="1.0" encoding="UTF-8"?>
<!-- Generated by org.testng.reporters.JUnitReportReporter -->
<testsuite hostname="Vikram-PC" failures="0" tests="5" name="parallel.RunnerTests" time="56.189" errors="0" timestamp="2023-06-15T21:37:08 IST" skipped="0">
  <testcase classname="parallel.RunnerTests" name="runScenario" time="5.028"/>
  <system-out/>
  <testcase classname="parallel.RunnerTests" name="runScenario" time="5.032"/>
  <system-out/>
  <testcase classname="parallel.RunnerTests" name="runScenario" time="15.705"/>
  <system-out/>
  <testcase classname="parallel.RunnerTests" name="runScenario" time="17.313"/>
  <system-out/>
  <testcase classname="parallel.RunnerTests" name="runScenario" time="13.111"/>
  <system-out/>
</testsuite> <!-- parallel.RunnerTests -->
