<?xml version="1.0" encoding="UTF-8"?>
<!-- Generated by org.testng.reporters.JUnitReportReporter -->
<testsuite hostname="Vikram-PC" failures="0" tests="3" name="parallel.RunnerTests" time="66.841" errors="0" timestamp="2023-07-07T12:35:18 IST" skipped="0">
  <testcase classname="parallel.RunnerTests" name="runScenario" time="25.969"/>
  <system-out/>
  <testcase classname="parallel.RunnerTests" name="runScenario" time="25.969"/>
  <system-out/>
  <testcase classname="parallel.RunnerTests" name="runScenario" time="14.903"/>
  <system-out/>
</testsuite> <!-- parallel.RunnerTests -->
