<?xml version="1.0" encoding="UTF-8"?>
<!-- Generated by org.testng.reporters.JUnitReportReporter -->
<testsuite hostname="Vikram-PC" failures="0" tests="3" name="parallel.RunnerTests" time="45.946" errors="0" timestamp="2023-06-16T18:03:37 IST" skipped="0">
  <testcase classname="parallel.RunnerTests" name="runScenario" time="12.659"/>
  <system-out/>
  <testcase classname="parallel.RunnerTests" name="runScenario" time="15.127"/>
  <system-out/>
  <testcase classname="parallel.RunnerTests" name="runScenario" time="18.160"/>
  <system-out/>
</testsuite> <!-- parallel.RunnerTests -->
