<?xml version="1.0" encoding="UTF-8"?>
<!-- Generated by org.testng.reporters.JUnitReportReporter -->
<testsuite hostname="Vikram-PC" failures="0" tests="3" name="parallel.RunnerTests" time="48.255" errors="0" timestamp="2023-06-16T18:41:29 IST" skipped="0">
  <testcase classname="parallel.RunnerTests" name="runScenario" time="13.944"/>
  <system-out/>
  <testcase classname="parallel.RunnerTests" name="runScenario" time="13.348"/>
  <system-out/>
  <testcase classname="parallel.RunnerTests" name="runScenario" time="20.963"/>
  <system-out/>
</testsuite> <!-- parallel.RunnerTests -->
